2015-05-11 10:40:07 [::1][1][-][error][yii\web\HttpException:404] exception 'yii\base\InvalidRouteException' with message 'Unable to resolve the request "volunteer/index".' in /Applications/MAMP/htdocs/kds/vendor/yiisoft/yii2/base/Module.php:461
Stack trace:
#0 /Applications/MAMP/htdocs/kds/vendor/yiisoft/yii2/web/Application.php(84): yii\base\Module->runAction('volunteer/index', Array)
#1 /Applications/MAMP/htdocs/kds/vendor/yiisoft/yii2/base/Application.php(375): yii\web\Application->handleRequest(Object(yii\web\Request))
#2 /Applications/MAMP/htdocs/kds/backend/web/index.php(18): yii\base\Application->run()
#3 {main}

Next exception 'yii\web\NotFoundHttpException' with message 'Page not found.' in /Applications/MAMP/htdocs/kds/vendor/yiisoft/yii2/web/Application.php:96
Stack trace:
#0 /Applications/MAMP/htdocs/kds/vendor/yiisoft/yii2/base/Application.php(375): yii\web\Application->handleRequest(Object(yii\web\Request))
#1 /Applications/MAMP/htdocs/kds/backend/web/index.php(18): yii\base\Application->run()
#2 {main}
2015-05-11 10:40:06 [::1][1][-][info][application] $_COOKIE = [
    'PHPSESSID' => '8ef689bdf4e3ce62dd954d2c03e12dbe'
    '_identity' => '19261c5e644555ac59b351247e46b6d7423cea67185295aab6f804dc587aba66a:2:{i:0;s:9:\"_identity\";i:1;s:46:\"[1,\"vNIUGHAgTvpdkiGUNhhG6yA1zuQPZIhw\",2592000]\";}'
    '_csrf' => '6595ca0f32e21bf217cbe5d72e2599646e6d47cd8b7f3c5d0a2f0f9d6f01369ea:2:{i:0;s:5:\"_csrf\";i:1;s:32:\"lhszwi2AAusGwDqMCkIlksn-nT_mxlf3\";}'
]

$_SESSION = [
    '__flash' => []
    '__returnUrl' => '/kds_new/frontend/web/index.php'
    '__id' => 1
]

$_SERVER = [
    'HTTP_HOST' => 'localhost'
    'HTTP_CONNECTION' => 'keep-alive'
    'HTTP_ACCEPT' => 'text/html,application/xhtml+xml,application/xml;q=0.9,image/webp,*/*;q=0.8'
    'HTTP_USER_AGENT' => 'Mozilla/5.0 (Macintosh; Intel Mac OS X 10_10_3) AppleWebKit/537.36 (KHTML, like Gecko) Chrome/42.0.2311.135 Safari/537.36'
    'HTTP_REFERER' => 'http://localhost/kds/backend/web/index.php'
    'HTTP_ACCEPT_ENCODING' => 'gzip, deflate, sdch'
    'HTTP_ACCEPT_LANGUAGE' => 'en-GB,en;q=0.8,en-US;q=0.6,id;q=0.4,ms;q=0.2,es;q=0.2,ja;q=0.2'
    'HTTP_COOKIE' => 'PHPSESSID=8ef689bdf4e3ce62dd954d2c03e12dbe; _identity=19261c5e644555ac59b351247e46b6d7423cea67185295aab6f804dc587aba66a%3A2%3A%7Bi%3A0%3Bs%3A9%3A%22_identity%22%3Bi%3A1%3Bs%3A46%3A%22%5B1%2C%22vNIUGHAgTvpdkiGUNhhG6yA1zuQPZIhw%22%2C2592000%5D%22%3B%7D; _csrf=6595ca0f32e21bf217cbe5d72e2599646e6d47cd8b7f3c5d0a2f0f9d6f01369ea%3A2%3A%7Bi%3A0%3Bs%3A5%3A%22_csrf%22%3Bi%3A1%3Bs%3A32%3A%22lhszwi2AAusGwDqMCkIlksn-nT_mxlf3%22%3B%7D'
    'PATH' => '/usr/bin:/bin:/usr/sbin:/sbin'
    'SERVER_SIGNATURE' => ''
    'SERVER_SOFTWARE' => 'Apache'
    'SERVER_NAME' => 'localhost'
    'SERVER_ADDR' => '::1'
    'SERVER_PORT' => '80'
    'REMOTE_ADDR' => '::1'
    'DOCUMENT_ROOT' => '/Applications/MAMP/htdocs'
    'SERVER_ADMIN' => 'you@example.com'
    'SCRIPT_FILENAME' => '/Applications/MAMP/htdocs/kds/backend/web/index.php'
    'REMOTE_PORT' => '61149'
    'GATEWAY_INTERFACE' => 'CGI/1.1'
    'SERVER_PROTOCOL' => 'HTTP/1.1'
    'REQUEST_METHOD' => 'GET'
    'QUERY_STRING' => ''
    'REQUEST_URI' => '/kds/backend/web/index.php/volunteer/index'
    'SCRIPT_NAME' => '/kds/backend/web/index.php'
    'PATH_INFO' => '/volunteer/index'
    'PATH_TRANSLATED' => '/Applications/MAMP/htdocs/volunteer/index'
    'PHP_SELF' => '/kds/backend/web/index.php/volunteer/index'
    'REQUEST_TIME_FLOAT' => 1431312006.98
    'REQUEST_TIME' => 1431312006
    'argv' => []
    'argc' => 0
]
2015-05-11 10:40:07 [::1][1][-][error][yii\web\HttpException:404] exception 'yii\base\InvalidRouteException' with message 'Unable to resolve the request "volunteer/index".' in /Applications/MAMP/htdocs/kds/vendor/yiisoft/yii2/base/Module.php:461
Stack trace:
#0 /Applications/MAMP/htdocs/kds/vendor/yiisoft/yii2/web/Application.php(84): yii\base\Module->runAction('volunteer/index', Array)
#1 /Applications/MAMP/htdocs/kds/vendor/yiisoft/yii2/base/Application.php(375): yii\web\Application->handleRequest(Object(yii\web\Request))
#2 /Applications/MAMP/htdocs/kds/backend/web/index.php(18): yii\base\Application->run()
#3 {main}

Next exception 'yii\web\NotFoundHttpException' with message 'Page not found.' in /Applications/MAMP/htdocs/kds/vendor/yiisoft/yii2/web/Application.php:96
Stack trace:
#0 /Applications/MAMP/htdocs/kds/vendor/yiisoft/yii2/base/Application.php(375): yii\web\Application->handleRequest(Object(yii\web\Request))
#1 /Applications/MAMP/htdocs/kds/backend/web/index.php(18): yii\base\Application->run()
#2 {main}
2015-05-11 10:40:07 [::1][1][-][info][application] $_COOKIE = [
    'PHPSESSID' => '8ef689bdf4e3ce62dd954d2c03e12dbe'
    '_csrf' => '6595ca0f32e21bf217cbe5d72e2599646e6d47cd8b7f3c5d0a2f0f9d6f01369ea:2:{i:0;s:5:\"_csrf\";i:1;s:32:\"lhszwi2AAusGwDqMCkIlksn-nT_mxlf3\";}'
    '_identity' => '19261c5e644555ac59b351247e46b6d7423cea67185295aab6f804dc587aba66a:2:{i:0;s:9:\"_identity\";i:1;s:46:\"[1,\"vNIUGHAgTvpdkiGUNhhG6yA1zuQPZIhw\",2592000]\";}'
]

$_SESSION = [
    '__flash' => []
    '__returnUrl' => '/kds_new/frontend/web/index.php'
    '__id' => 1
]

$_SERVER = [
    'HTTP_HOST' => 'localhost'
    'HTTP_CONNECTION' => 'keep-alive'
    'HTTP_ACCEPT' => 'text/html,application/xhtml+xml,application/xml;q=0.9,image/webp,*/*;q=0.8'
    'HTTP_USER_AGENT' => 'Mozilla/5.0 (Macintosh; Intel Mac OS X 10_10_3) AppleWebKit/537.36 (KHTML, like Gecko) Chrome/42.0.2311.135 Safari/537.36'
    'HTTP_REFERER' => 'http://localhost/kds/backend/web/index.php/volunteer/index'
    'HTTP_ACCEPT_ENCODING' => 'gzip, deflate, sdch'
    'HTTP_ACCEPT_LANGUAGE' => 'en-GB,en;q=0.8,en-US;q=0.6,id;q=0.4,ms;q=0.2,es;q=0.2,ja;q=0.2'
    'HTTP_COOKIE' => 'PHPSESSID=8ef689bdf4e3ce62dd954d2c03e12dbe; _csrf=6595ca0f32e21bf217cbe5d72e2599646e6d47cd8b7f3c5d0a2f0f9d6f01369ea%3A2%3A%7Bi%3A0%3Bs%3A5%3A%22_csrf%22%3Bi%3A1%3Bs%3A32%3A%22lhszwi2AAusGwDqMCkIlksn-nT_mxlf3%22%3B%7D; _identity=19261c5e644555ac59b351247e46b6d7423cea67185295aab6f804dc587aba66a%3A2%3A%7Bi%3A0%3Bs%3A9%3A%22_identity%22%3Bi%3A1%3Bs%3A46%3A%22%5B1%2C%22vNIUGHAgTvpdkiGUNhhG6yA1zuQPZIhw%22%2C2592000%5D%22%3B%7D'
    'PATH' => '/usr/bin:/bin:/usr/sbin:/sbin'
    'SERVER_SIGNATURE' => ''
    'SERVER_SOFTWARE' => 'Apache'
    'SERVER_NAME' => 'localhost'
    'SERVER_ADDR' => '::1'
    'SERVER_PORT' => '80'
    'REMOTE_ADDR' => '::1'
    'DOCUMENT_ROOT' => '/Applications/MAMP/htdocs'
    'SERVER_ADMIN' => 'you@example.com'
    'SCRIPT_FILENAME' => '/Applications/MAMP/htdocs/kds/backend/web/index.php'
    'REMOTE_PORT' => '61149'
    'GATEWAY_INTERFACE' => 'CGI/1.1'
    'SERVER_PROTOCOL' => 'HTTP/1.1'
    'REQUEST_METHOD' => 'GET'
    'QUERY_STRING' => ''
    'REQUEST_URI' => '/kds/backend/web/index.php/volunteer/index'
    'SCRIPT_NAME' => '/kds/backend/web/index.php'
    'PATH_INFO' => '/volunteer/index'
    'PATH_TRANSLATED' => '/Applications/MAMP/htdocs/volunteer/index'
    'PHP_SELF' => '/kds/backend/web/index.php/volunteer/index'
    'REQUEST_TIME_FLOAT' => 1431312007.64
    'REQUEST_TIME' => 1431312007
    'argv' => []
    'argc' => 0
]
2015-05-11 10:40:11 [::1][1][-][error][yii\web\HttpException:405] exception 'yii\web\MethodNotAllowedHttpException' with message 'Method Not Allowed. This url can only handle the following request methods: POST.' in /Applications/MAMP/htdocs/kds/vendor/yiisoft/yii2/filters/VerbFilter.php:105
Stack trace:
#0 [internal function]: yii\filters\VerbFilter->beforeAction(Object(yii\base\ActionEvent))
#1 /Applications/MAMP/htdocs/kds/vendor/yiisoft/yii2/base/Component.php(541): call_user_func(Array, Object(yii\base\ActionEvent))
#2 /Applications/MAMP/htdocs/kds/vendor/yiisoft/yii2/base/Controller.php(263): yii\base\Component->trigger('beforeAction', Object(yii\base\ActionEvent))
#3 /Applications/MAMP/htdocs/kds/vendor/yiisoft/yii2/web/Controller.php(108): yii\base\Controller->beforeAction(Object(yii\base\InlineAction))
#4 /Applications/MAMP/htdocs/kds/vendor/yiisoft/yii2/base/Controller.php(149): yii\web\Controller->beforeAction(Object(yii\base\InlineAction))
#5 /Applications/MAMP/htdocs/kds/vendor/yiisoft/yii2/base/Module.php(455): yii\base\Controller->runAction('logout', Array)
#6 /Applications/MAMP/htdocs/kds/vendor/yiisoft/yii2/web/Application.php(84): yii\base\Module->runAction('site/logout', Array)
#7 /Applications/MAMP/htdocs/kds/vendor/yiisoft/yii2/base/Application.php(375): yii\web\Application->handleRequest(Object(yii\web\Request))
#8 /Applications/MAMP/htdocs/kds/backend/web/index.php(18): yii\base\Application->run()
#9 {main}
2015-05-11 10:40:11 [::1][1][-][info][application] $_COOKIE = [
    'PHPSESSID' => '8ef689bdf4e3ce62dd954d2c03e12dbe'
    '_csrf' => '6595ca0f32e21bf217cbe5d72e2599646e6d47cd8b7f3c5d0a2f0f9d6f01369ea:2:{i:0;s:5:\"_csrf\";i:1;s:32:\"lhszwi2AAusGwDqMCkIlksn-nT_mxlf3\";}'
    '_identity' => '19261c5e644555ac59b351247e46b6d7423cea67185295aab6f804dc587aba66a:2:{i:0;s:9:\"_identity\";i:1;s:46:\"[1,\"vNIUGHAgTvpdkiGUNhhG6yA1zuQPZIhw\",2592000]\";}'
]

$_SESSION = [
    '__flash' => []
    '__returnUrl' => '/kds_new/frontend/web/index.php'
    '__id' => 1
]

$_SERVER = [
    'HTTP_HOST' => 'localhost'
    'HTTP_CONNECTION' => 'keep-alive'
    'HTTP_ACCEPT' => 'text/html,application/xhtml+xml,application/xml;q=0.9,image/webp,*/*;q=0.8'
    'HTTP_USER_AGENT' => 'Mozilla/5.0 (Macintosh; Intel Mac OS X 10_10_3) AppleWebKit/537.36 (KHTML, like Gecko) Chrome/42.0.2311.135 Safari/537.36'
    'HTTP_REFERER' => 'http://localhost/kds/backend/web/index.php/site/index'
    'HTTP_ACCEPT_ENCODING' => 'gzip, deflate, sdch'
    'HTTP_ACCEPT_LANGUAGE' => 'en-GB,en;q=0.8,en-US;q=0.6,id;q=0.4,ms;q=0.2,es;q=0.2,ja;q=0.2'
    'HTTP_COOKIE' => 'PHPSESSID=8ef689bdf4e3ce62dd954d2c03e12dbe; _csrf=6595ca0f32e21bf217cbe5d72e2599646e6d47cd8b7f3c5d0a2f0f9d6f01369ea%3A2%3A%7Bi%3A0%3Bs%3A5%3A%22_csrf%22%3Bi%3A1%3Bs%3A32%3A%22lhszwi2AAusGwDqMCkIlksn-nT_mxlf3%22%3B%7D; _identity=19261c5e644555ac59b351247e46b6d7423cea67185295aab6f804dc587aba66a%3A2%3A%7Bi%3A0%3Bs%3A9%3A%22_identity%22%3Bi%3A1%3Bs%3A46%3A%22%5B1%2C%22vNIUGHAgTvpdkiGUNhhG6yA1zuQPZIhw%22%2C2592000%5D%22%3B%7D'
    'PATH' => '/usr/bin:/bin:/usr/sbin:/sbin'
    'SERVER_SIGNATURE' => ''
    'SERVER_SOFTWARE' => 'Apache'
    'SERVER_NAME' => 'localhost'
    'SERVER_ADDR' => '::1'
    'SERVER_PORT' => '80'
    'REMOTE_ADDR' => '::1'
    'DOCUMENT_ROOT' => '/Applications/MAMP/htdocs'
    'SERVER_ADMIN' => 'you@example.com'
    'SCRIPT_FILENAME' => '/Applications/MAMP/htdocs/kds/backend/web/index.php'
    'REMOTE_PORT' => '61148'
    'GATEWAY_INTERFACE' => 'CGI/1.1'
    'SERVER_PROTOCOL' => 'HTTP/1.1'
    'REQUEST_METHOD' => 'GET'
    'QUERY_STRING' => ''
    'REQUEST_URI' => '/kds/backend/web/index.php/site/logout'
    'SCRIPT_NAME' => '/kds/backend/web/index.php'
    'PATH_INFO' => '/site/logout'
    'PATH_TRANSLATED' => '/Applications/MAMP/htdocs/site/logout'
    'PHP_SELF' => '/kds/backend/web/index.php/site/logout'
    'REQUEST_TIME_FLOAT' => 1431312011.03
    'REQUEST_TIME' => 1431312011
    'argv' => []
    'argc' => 0
]
